<?xml version="1.0" ?>
<coverage branch-rate="0" branches-covered="0" branches-valid="0" complexity="0" line-rate="1" lines-covered="121" lines-valid="121" timestamp="1574619686843" version="4.5.4">
	<!-- Generated by coverage.py: https://coverage.readthedocs.io -->
	<!-- Based on https://raw.githubusercontent.com/cobertura/web/master/htdocs/xml/coverage-04.dtd -->
	<sources>
		<source>/Users/jens/src/dataflake/dataflake.cache</source>
	</sources>
	<packages>
		<package branch-rate="0" complexity="0" line-rate="1" name="dataflake.cache">
			<classes>
				<class branch-rate="0" complexity="0" filename="dataflake/cache/__init__.py" line-rate="1" name="__init__.py">
					<methods/>
					<lines/>
				</class>
				<class branch-rate="0" complexity="0" filename="dataflake/cache/interfaces.py" line-rate="1" name="interfaces.py">
					<methods/>
					<lines>
						<line hits="1" number="13"/>
						<line hits="1" number="16"/>
						<line hits="1" number="19"/>
						<line hits="1" number="23"/>
						<line hits="1" number="27"/>
						<line hits="1" number="34"/>
						<line hits="1" number="38"/>
						<line hits="1" number="42"/>
						<line hits="1" number="46"/>
						<line hits="1" number="53"/>
						<line hits="1" number="59"/>
						<line hits="1" number="63"/>
					</lines>
				</class>
				<class branch-rate="0" complexity="0" filename="dataflake/cache/simple.py" line-rate="1" name="simple.py">
					<methods/>
					<lines>
						<line hits="1" number="13"/>
						<line hits="1" number="16"/>
						<line hits="1" number="18"/>
						<line hits="1" number="20"/>
						<line hits="1" number="21"/>
						<line hits="1" number="24"/>
						<line hits="1" number="25"/>
						<line hits="1" number="29"/>
						<line hits="1" number="30"/>
						<line hits="1" number="32"/>
						<line hits="1" number="35"/>
						<line hits="1" number="37"/>
						<line hits="1" number="42"/>
						<line hits="1" number="44"/>
						<line hits="1" number="47"/>
						<line hits="1" number="48"/>
						<line hits="1" number="49"/>
						<line hits="1" number="50"/>
						<line hits="1" number="51"/>
						<line hits="1" number="53"/>
						<line hits="1" number="55"/>
						<line hits="1" number="58"/>
						<line hits="1" number="60"/>
						<line hits="1" number="63"/>
						<line hits="1" number="65"/>
						<line hits="1" number="70"/>
						<line hits="1" number="73"/>
						<line hits="1" number="74"/>
						<line hits="1" number="78"/>
						<line hits="1" number="79"/>
						<line hits="1" number="80"/>
						<line hits="1" number="82"/>
						<line hits="1" number="86"/>
						<line hits="1" number="88"/>
						<line hits="1" number="89"/>
						<line hits="1" number="94"/>
						<line hits="1" number="96"/>
						<line hits="1" number="97"/>
						<line hits="1" number="100"/>
					</lines>
				</class>
				<class branch-rate="0" complexity="0" filename="dataflake/cache/timeout.py" line-rate="1" name="timeout.py">
					<methods/>
					<lines>
						<line hits="1" number="13"/>
						<line hits="1" number="16"/>
						<line hits="1" number="17"/>
						<line hits="1" number="19"/>
						<line hits="1" number="21"/>
						<line hits="1" number="22"/>
						<line hits="1" number="24"/>
						<line hits="1" number="27"/>
						<line hits="1" number="28"/>
						<line hits="1" number="32"/>
						<line hits="1" number="33"/>
						<line hits="1" number="34"/>
						<line hits="1" number="35"/>
						<line hits="1" number="37"/>
						<line hits="1" number="40"/>
						<line hits="1" number="41"/>
						<line hits="1" number="42"/>
						<line hits="1" number="44"/>
						<line hits="1" number="50"/>
						<line hits="1" number="51"/>
						<line hits="1" number="53"/>
						<line hits="1" number="54"/>
						<line hits="1" number="56"/>
						<line hits="1" number="57"/>
						<line hits="1" number="59"/>
						<line hits="1" number="60"/>
						<line hits="1" number="62"/>
						<line hits="1" number="65"/>
						<line hits="1" number="66"/>
						<line hits="1" number="67"/>
						<line hits="1" number="68"/>
						<line hits="1" number="69"/>
						<line hits="1" number="70"/>
						<line hits="1" number="72"/>
						<line hits="1" number="73"/>
						<line hits="1" number="75"/>
						<line hits="1" number="78"/>
						<line hits="1" number="79"/>
						<line hits="1" number="82"/>
						<line hits="1" number="85"/>
						<line hits="1" number="86"/>
						<line hits="1" number="89"/>
						<line hits="1" number="94"/>
						<line hits="1" number="95"/>
						<line hits="1" number="98"/>
						<line hits="1" number="101"/>
						<line hits="1" number="103"/>
						<line hits="1" number="106"/>
						<line hits="1" number="109"/>
						<line hits="1" number="110"/>
						<line hits="1" number="114"/>
						<line hits="1" number="115"/>
						<line hits="1" number="116"/>
						<line hits="1" number="118"/>
						<line hits="1" number="122"/>
						<line hits="1" number="124"/>
						<line hits="1" number="125"/>
						<line hits="1" number="130"/>
						<line hits="1" number="132"/>
						<line hits="1" number="133"/>
						<line hits="1" number="136"/>
					</lines>
				</class>
				<class branch-rate="0" complexity="0" filename="dataflake/cache/utils.py" line-rate="1" name="utils.py">
					<methods/>
					<lines>
						<line hits="1" number="13"/>
						<line hits="1" number="16"/>
						<line hits="1" number="19"/>
						<line hits="1" number="22"/>
						<line hits="1" number="26"/>
						<line hits="1" number="27"/>
						<line hits="1" number="28"/>
						<line hits="1" number="30"/>
						<line hits="1" number="32"/>
					</lines>
				</class>
			</classes>
		</package>
	</packages>
</coverage>
